<?xml version="1.0" encoding="UTF-8"?>
<testng-results ignored="0" total="1" passed="1" failed="0" skipped="0">
  <reporter-output>
  </reporter-output>
  <suite started-at="2024-01-12T18:03:56 EST" name="Default suite" finished-at="2024-01-12T18:04:08 EST" duration-ms="11528">
    <groups>
    </groups>
    <test started-at="2024-01-12T18:03:56 EST" name="Default test" finished-at="2024-01-12T18:04:08 EST" duration-ms="11528">
      <class name="com.TutorialNinja_TestCases.RegisterTest">
        <test-method is-config="true" signature="setup()[pri:0, instance:com.TutorialNinja_TestCases.RegisterTest@351d00c0]" started-at="2024-01-12T18:03:56 EST" name="setup" finished-at="2024-01-12T18:04:04 EST" duration-ms="7655" status="PASS">
          <reporter-output>
          </reporter-output>
        </test-method> <!-- setup -->
        <test-method signature="registerWithValidcredentials()[pri:0, instance:com.TutorialNinja_TestCases.RegisterTest@351d00c0]" started-at="2024-01-12T18:04:04 EST" name="registerWithValidcredentials" finished-at="2024-01-12T18:04:08 EST" duration-ms="3770" status="PASS">
          <reporter-output>
          </reporter-output>
        </test-method> <!-- registerWithValidcredentials -->
      </class> <!-- com.TutorialNinja_TestCases.RegisterTest -->
    </test> <!-- Default test -->
  </suite> <!-- Default suite -->
</testng-results>
